INFO:2023-07-06 19:13:13,200:*******------------model:DecisionTreeClassifier
INFO:2023-07-06 19:13:13,201:estimator: DecisionTreeClassifier() number of grid points: 50, iter_number:1500
INFO:2023-07-06 19:13:22,719:validation score: 0.9196428571428571
INFO:2023-07-06 19:13:22,720:Best Accuracy: 0.8973533083645442
INFO:2023-07-06 19:13:22,721:******* cv_results *******
INFO:2023-07-06 19:13:22,721:mean_test_score: 0.8928339575530588 (±0.01154157796005146), mean_fit_time: 0.0064166545867919925 (±0.0007416863726508131) for OrderedDict([('criterion', 'gini'), ('max_depth', 13), ('min_samples_leaf', 14)])
INFO:2023-07-06 19:13:22,721:*********************
INFO:2023-07-06 19:13:22,722:******* cv_results *******
INFO:2023-07-06 19:13:22,722:mean_test_score: 0.8951061173533084 (±0.021688293152720358), mean_fit_time: 0.008735990524291993 (±0.0020427470034464095) for OrderedDict([('criterion', 'entropy'), ('max_depth', 8), ('min_samples_leaf', 33)])
INFO:2023-07-06 19:13:22,722:*********************
INFO:2023-07-06 19:13:22,722:******* cv_results *******
INFO:2023-07-06 19:13:22,722:mean_test_score: 0.8906367041198502 (±0.01904956608614745), mean_fit_time: 0.004812049865722656 (±0.0009370903679051598) for OrderedDict([('criterion', 'gini'), ('max_depth', 18), ('min_samples_leaf', 33)])
INFO:2023-07-06 19:13:22,722:*********************
INFO:2023-07-06 19:13:22,722:******* cv_results *******
INFO:2023-07-06 19:13:22,722:mean_test_score: 0.8795006242197253 (±0.018892548038075545), mean_fit_time: 0.005513048171997071 (±0.0015596031876117843) for OrderedDict([('criterion', 'gini'), ('max_depth', 9), ('min_samples_leaf', 16)])
INFO:2023-07-06 19:13:22,722:*********************
INFO:2023-07-06 19:13:22,722:******* cv_results *******
INFO:2023-07-06 19:13:22,722:mean_test_score: 0.8973533083645442 (±0.022528351923490855), mean_fit_time: 0.0067195892333984375 (±0.0007388448590728279) for OrderedDict([('criterion', 'entropy'), ('max_depth', 18), ('min_samples_leaf', 29)])
INFO:2023-07-06 19:13:22,722:*********************
INFO:2023-07-06 19:13:22,722:******* cv_results *******
INFO:2023-07-06 19:13:22,722:mean_test_score: 0.8884394506866418 (±0.020877640653240107), mean_fit_time: 0.0036528587341308595 (±0.0005335480396156509) for OrderedDict([('criterion', 'gini'), ('max_depth', 17), ('min_samples_leaf', 24)])
INFO:2023-07-06 19:13:22,722:*********************
INFO:2023-07-06 19:13:22,722:******* cv_results *******
INFO:2023-07-06 19:13:22,723:mean_test_score: 0.8862172284644195 (±0.02453119668284909), mean_fit_time: 0.0038100719451904298 (±0.0008079406671618497) for OrderedDict([('criterion', 'gini'), ('max_depth', 19), ('min_samples_leaf', 22)])
INFO:2023-07-06 19:13:22,723:*********************
INFO:2023-07-06 19:13:22,723:******* cv_results *******
INFO:2023-07-06 19:13:22,723:mean_test_score: 0.8929088639200998 (±0.02372789156661309), mean_fit_time: 0.005410385131835937 (±0.00037954852184327227) for OrderedDict([('criterion', 'entropy'), ('max_depth', 10), ('min_samples_leaf', 16)])
INFO:2023-07-06 19:13:22,723:*********************
INFO:2023-07-06 19:13:22,723:******* cv_results *******
INFO:2023-07-06 19:13:22,723:mean_test_score: 0.8973533083645442 (±0.022528351923490855), mean_fit_time: 0.005328607559204101 (±0.0008188805110208049) for OrderedDict([('criterion', 'entropy'), ('max_depth', 11), ('min_samples_leaf', 23)])
INFO:2023-07-06 19:13:22,723:*********************
INFO:2023-07-06 19:13:22,723:******* cv_results *******
INFO:2023-07-06 19:13:22,723:mean_test_score: 0.8973533083645442 (±0.022528351923490855), mean_fit_time: 0.004804563522338867 (±0.00023682175908601747) for OrderedDict([('criterion', 'entropy'), ('max_depth', 9), ('min_samples_leaf', 26)])
INFO:2023-07-06 19:13:22,723:*********************
INFO:2023-07-06 19:13:22,723:******* cv_results *******
INFO:2023-07-06 19:13:22,723:mean_test_score: 0.8704868913857677 (±0.015508331738855474), mean_fit_time: 0.004921960830688477 (±0.0006755107235830617) for OrderedDict([('criterion', 'entropy'), ('max_depth', 20), ('min_samples_leaf', 5)])
INFO:2023-07-06 19:13:22,724:*********************
INFO:2023-07-06 19:13:22,724:******* cv_results *******
INFO:2023-07-06 19:13:22,724:mean_test_score: 0.8928589263420724 (±0.024935608415356643), mean_fit_time: 0.0049072265625 (±0.0003756784663377732) for OrderedDict([('criterion', 'entropy'), ('max_depth', 3), ('min_samples_leaf', 40)])
INFO:2023-07-06 19:13:22,724:*********************
INFO:2023-07-06 19:13:22,724:******* cv_results *******
INFO:2023-07-06 19:13:22,724:mean_test_score: 0.8659925093632959 (±0.019212278473743717), mean_fit_time: 0.005808877944946289 (±0.000683360443817472) for OrderedDict([('criterion', 'entropy'), ('max_depth', 20), ('min_samples_leaf', 5)])
INFO:2023-07-06 19:13:22,724:*********************
INFO:2023-07-06 19:13:22,724:******* cv_results *******
INFO:2023-07-06 19:13:22,724:mean_test_score: 0.861598002496879 (±0.02066257433037482), mean_fit_time: 0.00601959228515625 (±0.00031695972437971356) for OrderedDict([('criterion', 'entropy'), ('max_depth', 20), ('min_samples_leaf', 6)])
INFO:2023-07-06 19:13:22,724:*********************
INFO:2023-07-06 19:13:22,724:******* cv_results *******
INFO:2023-07-06 19:13:22,724:mean_test_score: 0.8973533083645442 (±0.022528351923490855), mean_fit_time: 0.004813098907470703 (±0.0004027868228798808) for OrderedDict([('criterion', 'entropy'), ('max_depth', 12), ('min_samples_leaf', 26)])
INFO:2023-07-06 19:13:22,724:*********************
INFO:2023-07-06 19:13:22,724:******* cv_results *******
INFO:2023-07-06 19:13:22,725:mean_test_score: 0.8928589263420724 (±0.024935608415356643), mean_fit_time: 0.005619859695434571 (±0.0011212071519725818) for OrderedDict([('criterion', 'entropy'), ('max_depth', 16), ('min_samples_leaf', 40)])
INFO:2023-07-06 19:13:22,725:*********************
INFO:2023-07-06 19:13:22,725:******* cv_results *******
INFO:2023-07-06 19:13:22,725:mean_test_score: 0.8973533083645442 (±0.022528351923490855), mean_fit_time: 0.005519866943359375 (±0.0008289709562291676) for OrderedDict([('criterion', 'entropy'), ('max_depth', 3), ('min_samples_leaf', 19)])
INFO:2023-07-06 19:13:22,725:*********************
INFO:2023-07-06 19:13:22,725:******* cv_results *******
INFO:2023-07-06 19:13:22,725:mean_test_score: 0.8772284644194757 (±0.03377453064553041), mean_fit_time: 0.005414724349975586 (±0.0005953810410870354) for OrderedDict([('criterion', 'gini'), ('max_depth', 20), ('min_samples_leaf', 5)])
INFO:2023-07-06 19:13:22,725:*********************
INFO:2023-07-06 19:13:22,725:******* cv_results *******
INFO:2023-07-06 19:13:22,725:mean_test_score: 0.888414481897628 (±0.025245211475254613), mean_fit_time: 0.004216051101684571 (±0.0002552006722079448) for OrderedDict([('criterion', 'gini'), ('max_depth', 3), ('min_samples_leaf', 40)])
INFO:2023-07-06 19:13:22,725:*********************
INFO:2023-07-06 19:13:22,725:******* cv_results *******
INFO:2023-07-06 19:13:22,726:mean_test_score: 0.8884394506866418 (±0.020877640653240107), mean_fit_time: 0.005016994476318359 (±0.00031984484282772944) for OrderedDict([('criterion', 'gini'), ('max_depth', 3), ('min_samples_leaf', 8)])
INFO:2023-07-06 19:13:22,726:*********************
INFO:2023-07-06 19:13:22,726:Best Params for DecisionTreeClassifier()
INFO:2023-07-06 19:13:22,726:OrderedDict([('criterion', 'entropy'), ('max_depth', 18), ('min_samples_leaf', 29)])
INFO:2023-07-06 19:13:22,726:Best Accuracy: 0.8973533083645442
INFO:2023-07-06 19:13:22,726:--------------
INFO:2023-07-06 19:13:22,727:*****model_name: DecisionTreeClassifier best_score 0.8973533083645442 best_params OrderedDict([('criterion', 'entropy'), ('max_depth', 18), ('min_samples_leaf', 29)]), validation score
INFO:2023-07-06 19:13:22,736:--------------------------------------------------------------------
INFO:2023-07-06 19:13:22,736:Model used DecisionTreeClassifier(criterion='entropy', max_depth=18, min_samples_leaf=29)
INFO:2023-07-06 19:13:22,737:Train results: 0.9107142857142857
INFO:2023-07-06 19:13:22,738:[[168   0   0   0   0]
 [  0  98  14   0   0]
 [  0  26  30   0   0]
 [  0   0   0  56   0]
 [  0   0   0   0  56]]
INFO:2023-07-06 19:13:22,743:              precision    recall  f1-score   support

           0       1.00      1.00      1.00       168
           1       0.79      0.88      0.83       112
           2       0.68      0.54      0.60        56
           3       1.00      1.00      1.00        56
           4       1.00      1.00      1.00        56

    accuracy                           0.91       448
   macro avg       0.89      0.88      0.89       448
weighted avg       0.91      0.91      0.91       448

INFO:2023-07-06 19:13:22,743:Test  results 0.9107142857142857
INFO:2023-07-06 19:13:22,744:[[41  0  0  0  1]
 [ 0 24  4  0  0]
 [ 0  4 10  0  0]
 [ 1  0  0 13  0]
 [ 0  0  0  0 14]]
INFO:2023-07-06 19:13:22,746:              precision    recall  f1-score   support

           0       0.98      0.98      0.98        42
           1       0.86      0.86      0.86        28
           2       0.71      0.71      0.71        14
           3       1.00      0.93      0.96        14
           4       0.93      1.00      0.97        14

    accuracy                           0.91       112
   macro avg       0.90      0.90      0.90       112
weighted avg       0.91      0.91      0.91       112

INFO:2023-07-06 19:13:22,746:Accuracy:0.9107142857142857
INFO:2023-07-06 19:13:22,747:F1 score micro:0.9107142857142857
INFO:2023-07-06 19:13:22,748:F1 score macro:0.8952198503922641
INFO:2023-07-06 19:13:22,748:--------------------------------------------------------------------
INFO:2023-07-06 19:13:22,748:*******------------model:RandomForestClassifier
INFO:2023-07-06 19:13:22,748:estimator: RandomForestClassifier() number of grid points: 216, iter_number:1500
INFO:2023-07-06 19:13:31,123:validation score: 0.875
INFO:2023-07-06 19:13:31,124:Best Accuracy: 0.9106866416978777
INFO:2023-07-06 19:13:31,124:******* cv_results *******
INFO:2023-07-06 19:13:31,125:mean_test_score: 0.9017727840199751 (±0.010991770270801546), mean_fit_time: 0.4659570217132568 (±0.1613209342761543) for OrderedDict([('criterion', 'entropy'), ('max_depth', 16), ('max_samples', 0.6592200493338868), ('min_samples_split', 11), ('n_estimators', 211)])
INFO:2023-07-06 19:13:31,125:*********************
INFO:2023-07-06 19:13:31,125:******* cv_results *******
INFO:2023-07-06 19:13:31,125:mean_test_score: 0.9040199750312109 (±0.011313754786980068), mean_fit_time: 0.5579492092132569 (±0.20212438412388858) for OrderedDict([('criterion', 'entropy'), ('max_depth', 18), ('max_samples', 0.6020885586857739), ('min_samples_split', 14), ('n_estimators', 159)])
INFO:2023-07-06 19:13:31,125:*********************
INFO:2023-07-06 19:13:31,125:******* cv_results *******
INFO:2023-07-06 19:13:31,125:mean_test_score: 0.8995755305867664 (±0.015580324272859918), mean_fit_time: 0.5282633304595947 (±0.14727812355978318) for OrderedDict([('criterion', 'entropy'), ('max_depth', 15), ('max_samples', 0.5728538120763674), ('min_samples_split', 11), ('n_estimators', 244)])
INFO:2023-07-06 19:13:31,125:*********************
INFO:2023-07-06 19:13:31,125:******* cv_results *******
INFO:2023-07-06 19:13:31,125:mean_test_score: 0.9039950062421973 (±0.011519247371987975), mean_fit_time: 0.39126954078674314 (±0.11643462380672477) for OrderedDict([('criterion', 'gini'), ('max_depth', 19), ('max_samples', 0.5822609867970324), ('min_samples_split', 19), ('n_estimators', 198)])
INFO:2023-07-06 19:13:31,125:*********************
INFO:2023-07-06 19:13:31,125:******* cv_results *******
INFO:2023-07-06 19:13:31,125:mean_test_score: 0.899525593008739 (±0.010230014832378943), mean_fit_time: 0.3426097869873047 (±0.03759883321787699) for OrderedDict([('criterion', 'gini'), ('max_depth', 14), ('max_samples', 0.625125670790459), ('min_samples_split', 12), ('n_estimators', 209)])
INFO:2023-07-06 19:13:31,125:*********************
INFO:2023-07-06 19:13:31,125:******* cv_results *******
INFO:2023-07-06 19:13:31,125:mean_test_score: 0.8973033707865168 (±0.004851018684252364), mean_fit_time: 0.584984827041626 (±0.1692674681909088) for OrderedDict([('criterion', 'entropy'), ('max_depth', 12), ('max_samples', 0.5837768544955055), ('min_samples_split', 17), ('n_estimators', 242)])
INFO:2023-07-06 19:13:31,125:*********************
INFO:2023-07-06 19:13:31,125:******* cv_results *******
INFO:2023-07-06 19:13:31,125:mean_test_score: 0.9061922596754057 (±0.013783721402431635), mean_fit_time: 0.4228932857513428 (±0.07789459377889191) for OrderedDict([('criterion', 'gini'), ('max_depth', 12), ('max_samples', 0.5228261674028477), ('min_samples_split', 17), ('n_estimators', 241)])
INFO:2023-07-06 19:13:31,125:*********************
INFO:2023-07-06 19:13:31,125:******* cv_results *******
INFO:2023-07-06 19:13:31,125:mean_test_score: 0.899525593008739 (±0.012411120800317614), mean_fit_time: 0.5343408584594727 (±0.17778877004515886) for OrderedDict([('criterion', 'gini'), ('max_depth', 17), ('max_samples', 0.592067393706717), ('min_samples_split', 10), ('n_estimators', 205)])
INFO:2023-07-06 19:13:31,125:*********************
INFO:2023-07-06 19:13:31,125:******* cv_results *******
INFO:2023-07-06 19:13:31,125:mean_test_score: 0.9017478152309613 (±0.008782485374754609), mean_fit_time: 0.2946652889251709 (±0.057392140371251635) for OrderedDict([('criterion', 'gini'), ('max_depth', 19), ('max_samples', 0.5798152524266014), ('min_samples_split', 13), ('n_estimators', 159)])
INFO:2023-07-06 19:13:31,125:*********************
INFO:2023-07-06 19:13:31,125:******* cv_results *******
INFO:2023-07-06 19:13:31,125:mean_test_score: 0.9039950062421973 (±0.01353483411153786), mean_fit_time: 0.26891679763793946 (±0.03093725526018272) for OrderedDict([('criterion', 'entropy'), ('max_depth', 15), ('max_samples', 0.6840535995005441), ('min_samples_split', 16), ('n_estimators', 152)])
INFO:2023-07-06 19:13:31,126:*********************
INFO:2023-07-06 19:13:31,126:******* cv_results *******
INFO:2023-07-06 19:13:31,126:mean_test_score: 0.8906367041198502 (±0.008160249492154142), mean_fit_time: 0.25161004066467285 (±0.06933650580743043) for OrderedDict([('criterion', 'gini'), ('max_depth', 8), ('max_samples', 0.5524830255336055), ('min_samples_split', 20), ('n_estimators', 151)])
INFO:2023-07-06 19:13:31,126:*********************
INFO:2023-07-06 19:13:31,126:******* cv_results *******
INFO:2023-07-06 19:13:31,126:mean_test_score: 0.9106616729088639 (±0.010442985193454891), mean_fit_time: 0.38692965507507326 (±0.1278236802819156) for OrderedDict([('criterion', 'gini'), ('max_depth', 8), ('max_samples', 0.5), ('min_samples_split', 20), ('n_estimators', 199)])
INFO:2023-07-06 19:13:31,126:*********************
INFO:2023-07-06 19:13:31,126:******* cv_results *******
INFO:2023-07-06 19:13:31,126:mean_test_score: 0.9106866416978777 (±0.010199559300613467), mean_fit_time: 0.39205756187438967 (±0.11628541848901937) for OrderedDict([('criterion', 'gini'), ('max_depth', 10), ('max_samples', 0.5221105086661675), ('min_samples_split', 20), ('n_estimators', 170)])
INFO:2023-07-06 19:13:31,126:*********************
INFO:2023-07-06 19:13:31,126:******* cv_results *******
INFO:2023-07-06 19:13:31,126:mean_test_score: 0.8950811485642947 (±0.015127171386801223), mean_fit_time: 0.25696239471435545 (±0.006660209099110013) for OrderedDict([('criterion', 'entropy'), ('max_depth', 12), ('max_samples', 0.5137727211178412), ('min_samples_split', 20), ('n_estimators', 151)])
INFO:2023-07-06 19:13:31,126:*********************
INFO:2023-07-06 19:13:31,126:******* cv_results *******
INFO:2023-07-06 19:13:31,126:mean_test_score: 0.899525593008739 (±0.012411120800317614), mean_fit_time: 0.33345990180969237 (±0.04123616577245842) for OrderedDict([('criterion', 'gini'), ('max_depth', 11), ('max_samples', 0.6780000919082805), ('min_samples_split', 20), ('n_estimators', 247)])
INFO:2023-07-06 19:13:31,126:*********************
INFO:2023-07-06 19:13:31,126:******* cv_results *******
INFO:2023-07-06 19:13:31,126:mean_test_score: 0.8973033707865168 (±0.004851018684252364), mean_fit_time: 0.2389291763305664 (±0.07432843867404562) for OrderedDict([('criterion', 'gini'), ('max_depth', 8), ('max_samples', 0.5128313690745967), ('min_samples_split', 16), ('n_estimators', 151)])
INFO:2023-07-06 19:13:31,126:*********************
INFO:2023-07-06 19:13:31,126:******* cv_results *******
INFO:2023-07-06 19:13:31,126:mean_test_score: 0.8928589263420724 (±0.005402959786210856), mean_fit_time: 0.3680416107177734 (±0.11203264602688078) for OrderedDict([('criterion', 'gini'), ('max_depth', 12), ('max_samples', 0.5009061854312634), ('min_samples_split', 17), ('n_estimators', 163)])
INFO:2023-07-06 19:13:31,126:*********************
INFO:2023-07-06 19:13:31,126:******* cv_results *******
INFO:2023-07-06 19:13:31,126:mean_test_score: 0.9039950062421973 (±0.005824742734085827), mean_fit_time: 0.4127171993255615 (±0.10558328002045765) for OrderedDict([('criterion', 'entropy'), ('max_depth', 11), ('max_samples', 0.6280638703981135), ('min_samples_split', 20), ('n_estimators', 166)])
INFO:2023-07-06 19:13:31,126:*********************
INFO:2023-07-06 19:13:31,126:******* cv_results *******
INFO:2023-07-06 19:13:31,126:mean_test_score: 0.9017727840199751 (±0.010991770270801546), mean_fit_time: 0.4463014602661133 (±0.024467003528792483) for OrderedDict([('criterion', 'entropy'), ('max_depth', 12), ('max_samples', 0.6201262263133207), ('min_samples_split', 11), ('n_estimators', 246)])
INFO:2023-07-06 19:13:31,126:*********************
INFO:2023-07-06 19:13:31,126:******* cv_results *******
INFO:2023-07-06 19:13:31,127:mean_test_score: 0.899525593008739 (±0.007434412379018957), mean_fit_time: 0.41202383041381835 (±0.025792587423557483) for OrderedDict([('criterion', 'entropy'), ('max_depth', 17), ('max_samples', 0.6362546608875614), ('min_samples_split', 10), ('n_estimators', 250)])
INFO:2023-07-06 19:13:31,127:*********************
INFO:2023-07-06 19:13:31,127:Best Params for RandomForestClassifier()
INFO:2023-07-06 19:13:31,127:OrderedDict([('criterion', 'gini'), ('max_depth', 10), ('max_samples', 0.5221105086661675), ('min_samples_split', 20), ('n_estimators', 170)])
INFO:2023-07-06 19:13:31,127:Best Accuracy: 0.9106866416978777
INFO:2023-07-06 19:13:31,127:--------------
INFO:2023-07-06 19:13:31,127:*****model_name: RandomForestClassifier best_score 0.9106866416978777 best_params OrderedDict([('criterion', 'gini'), ('max_depth', 10), ('max_samples', 0.5221105086661675), ('min_samples_split', 20), ('n_estimators', 170)]), validation score
INFO:2023-07-06 19:13:31,315:--------------------------------------------------------------------
INFO:2023-07-06 19:13:31,315:Model used RandomForestClassifier(max_depth=10, max_samples=0.5221105086661675,
                       min_samples_split=20, n_estimators=170)
INFO:2023-07-06 19:13:31,317:Train results: 0.921875
INFO:2023-07-06 19:13:31,317:[[168   0   0   0   0]
 [  0 104   8   0   0]
 [  0  27  29   0   0]
 [  0   0   0  56   0]
 [  0   0   0   0  56]]
INFO:2023-07-06 19:13:31,320:              precision    recall  f1-score   support

           0       1.00      1.00      1.00       168
           1       0.79      0.93      0.86       112
           2       0.78      0.52      0.62        56
           3       1.00      1.00      1.00        56
           4       1.00      1.00      1.00        56

    accuracy                           0.92       448
   macro avg       0.92      0.89      0.90       448
weighted avg       0.92      0.92      0.92       448

INFO:2023-07-06 19:13:31,320:Test  results 0.9017857142857143
INFO:2023-07-06 19:13:31,320:[[41  0  0  0  1]
 [ 0 24  4  0  0]
 [ 0  5  9  0  0]
 [ 0  0  0 13  1]
 [ 0  0  0  0 14]]
INFO:2023-07-06 19:13:31,323:              precision    recall  f1-score   support

           0       1.00      0.98      0.99        42
           1       0.83      0.86      0.84        28
           2       0.69      0.64      0.67        14
           3       1.00      0.93      0.96        14
           4       0.88      1.00      0.93        14

    accuracy                           0.90       112
   macro avg       0.88      0.88      0.88       112
weighted avg       0.90      0.90      0.90       112

INFO:2023-07-06 19:13:31,323:Accuracy:0.9017857142857143
INFO:2023-07-06 19:13:31,323:F1 score micro:0.9017857142857143
INFO:2023-07-06 19:13:31,324:F1 score macro:0.8786040066699548
INFO:2023-07-06 19:13:31,324:--------------------------------------------------------------------
INFO:2023-07-06 19:13:31,324:*******------------model:LGBMClassifier
INFO:2023-07-06 19:13:31,325:estimator: LGBMClassifier() number of grid points: 5184, iter_number:1500
INFO:2023-07-06 19:13:40,849:validation score: 0.9375
INFO:2023-07-06 19:13:40,850:Best Accuracy: 0.9017977528089887
INFO:2023-07-06 19:13:40,851:******* cv_results *******
INFO:2023-07-06 19:13:40,851:mean_test_score: 0.897303370786517 (±0.013102691724341014), mean_fit_time: 0.24482450485229493 (±0.020248429306861205) for OrderedDict([('learning_rate', 0.008746056584550351), ('max_depth', 9), ('min_child_samples', 15), ('n_estimators', 157), ('reg_alpha', 0.2961672852485263), ('reg_lambda', 0.36062538392499677), ('subsample', 0.5839039095859782)])
INFO:2023-07-06 19:13:40,851:*********************
INFO:2023-07-06 19:13:40,851:******* cv_results *******
INFO:2023-07-06 19:13:40,851:mean_test_score: 0.8906117353308364 (±0.017975169771796952), mean_fit_time: 0.25333456993103026 (±0.022967788558390847) for OrderedDict([('learning_rate', 0.035524582079000895), ('max_depth', 10), ('min_child_samples', 19), ('n_estimators', 151), ('reg_alpha', 0.13700645619672658), ('reg_lambda', 0.018570696972967426), ('subsample', 0.6477760449055837)])
INFO:2023-07-06 19:13:40,851:*********************
INFO:2023-07-06 19:13:40,851:******* cv_results *******
INFO:2023-07-06 19:13:40,851:mean_test_score: 0.9017478152309613 (±0.015083504706359021), mean_fit_time: 0.30000982284545896 (±0.04724549169136313) for OrderedDict([('learning_rate', 0.05679940575149587), ('max_depth', 12), ('min_child_samples', 11), ('n_estimators', 227), ('reg_alpha', 0.3408134323455161), ('reg_lambda', 0.4596837754520536), ('subsample', 0.5855507005989413)])
INFO:2023-07-06 19:13:40,851:*********************
INFO:2023-07-06 19:13:40,851:******* cv_results *******
INFO:2023-07-06 19:13:40,851:mean_test_score: 0.899525593008739 (±0.012411120800317614), mean_fit_time: 0.238845157623291 (±0.02740611380126327) for OrderedDict([('learning_rate', 0.09792794948945624), ('max_depth', 16), ('min_child_samples', 12), ('n_estimators', 188), ('reg_alpha', 0.19022302336713917), ('reg_lambda', 0.4305419440671481), ('subsample', 0.6971254648905716)])
INFO:2023-07-06 19:13:40,851:*********************
INFO:2023-07-06 19:13:40,851:******* cv_results *******
INFO:2023-07-06 19:13:40,851:mean_test_score: 0.8995755305867664 (±0.009726168634119004), mean_fit_time: 0.24815769195556642 (±0.026957853767402607) for OrderedDict([('learning_rate', 0.05561262457149132), ('max_depth', 9), ('min_child_samples', 12), ('n_estimators', 175), ('reg_alpha', 0.3536206939196279), ('reg_lambda', 0.3186031350850556), ('subsample', 0.600060680973974)])
INFO:2023-07-06 19:13:40,851:*********************
INFO:2023-07-06 19:13:40,851:******* cv_results *******
INFO:2023-07-06 19:13:40,853:mean_test_score: 0.8951310861423221 (±0.01638911445521488), mean_fit_time: 0.3991644859313965 (±0.10497866068616074) for OrderedDict([('learning_rate', 0.027402332539511524), ('max_depth', 20), ('min_child_samples', 11), ('n_estimators', 238), ('reg_alpha', 0.4085137340012472), ('reg_lambda', 0.09658241149935293), ('subsample', 0.6277394689377287)])
INFO:2023-07-06 19:13:40,853:*********************
INFO:2023-07-06 19:13:40,853:******* cv_results *******
INFO:2023-07-06 19:13:40,853:mean_test_score: 0.8928339575530586 (±0.005868780938932809), mean_fit_time: 0.4417745590209961 (±0.1309509610441959) for OrderedDict([('learning_rate', 0.012617997552963243), ('max_depth', 14), ('min_child_samples', 17), ('n_estimators', 241), ('reg_alpha', 0.09337287186995673), ('reg_lambda', 0.13268675145288872), ('subsample', 0.5704122919144035)])
INFO:2023-07-06 19:13:40,853:*********************
INFO:2023-07-06 19:13:40,853:******* cv_results *******
INFO:2023-07-06 19:13:40,853:mean_test_score: 0.8861173533083646 (±0.019496515605865617), mean_fit_time: 0.3495660305023193 (±0.07643389218143282) for OrderedDict([('learning_rate', 0.06071772518867069), ('max_depth', 11), ('min_child_samples', 18), ('n_estimators', 193), ('reg_alpha', 0.3445810763013301), ('reg_lambda', 0.32935846847093536), ('subsample', 0.6512997802936054)])
INFO:2023-07-06 19:13:40,853:*********************
INFO:2023-07-06 19:13:40,853:******* cv_results *******
INFO:2023-07-06 19:13:40,853:mean_test_score: 0.895056179775281 (±0.009276031137878716), mean_fit_time: 0.3359818935394287 (±0.048264467077015955) for OrderedDict([('learning_rate', 0.03242297339308989), ('max_depth', 11), ('min_child_samples', 16), ('n_estimators', 202), ('reg_alpha', 0.45722624737223666), ('reg_lambda', 0.2659877283731379), ('subsample', 0.5773891015700188)])
INFO:2023-07-06 19:13:40,853:*********************
INFO:2023-07-06 19:13:40,853:******* cv_results *******
INFO:2023-07-06 19:13:40,853:mean_test_score: 0.9017977528089887 (±0.008176506429715114), mean_fit_time: 0.37221546173095704 (±0.013969027254315867) for OrderedDict([('learning_rate', 0.02803511071356339), ('max_depth', 15), ('min_child_samples', 11), ('n_estimators', 207), ('reg_alpha', 0.07964402279755826), ('reg_lambda', 0.43655855533859994), ('subsample', 0.5678064186982473)])
INFO:2023-07-06 19:13:40,854:*********************
INFO:2023-07-06 19:13:40,854:******* cv_results *******
INFO:2023-07-06 19:13:40,854:mean_test_score: 0.8973283395755306 (±0.01080851550602014), mean_fit_time: 0.32189412117004396 (±0.09088197605555963) for OrderedDict([('learning_rate', 0.004779547828312318), ('max_depth', 8), ('min_child_samples', 14), ('n_estimators', 204), ('reg_alpha', 0.3788952251241215), ('reg_lambda', 0.012769681123442636), ('subsample', 0.5051800599347068)])
INFO:2023-07-06 19:13:40,854:*********************
INFO:2023-07-06 19:13:40,854:******* cv_results *******
INFO:2023-07-06 19:13:40,854:mean_test_score: 0.888314606741573 (±0.023870945823673405), mean_fit_time: 0.23450303077697754 (±0.03607659044974908) for OrderedDict([('learning_rate', 0.09411443384554882), ('max_depth', 16), ('min_child_samples', 15), ('n_estimators', 175), ('reg_alpha', 0.025960231609243586), ('reg_lambda', 0.006066689385148999), ('subsample', 0.6983367578887989)])
INFO:2023-07-06 19:13:40,854:*********************
INFO:2023-07-06 19:13:40,854:******* cv_results *******
INFO:2023-07-06 19:13:40,854:mean_test_score: 0.8906117353308364 (±0.013100026912015622), mean_fit_time: 0.5862506866455078 (±0.13240446208113005) for OrderedDict([('learning_rate', 0.05905796750207978), ('max_depth', 9), ('min_child_samples', 10), ('n_estimators', 208), ('reg_alpha', 0.05736484566087556), ('reg_lambda', 0.47954516752304566), ('subsample', 0.6992694822115344)])
INFO:2023-07-06 19:13:40,854:*********************
INFO:2023-07-06 19:13:40,854:******* cv_results *******
INFO:2023-07-06 19:13:40,854:mean_test_score: 0.8994756554307116 (±0.022676609644199104), mean_fit_time: 0.42240452766418457 (±0.040592489440549925) for OrderedDict([('learning_rate', 0.06678264863955297), ('max_depth', 10), ('min_child_samples', 20), ('n_estimators', 249), ('reg_alpha', 0.016484883518176344), ('reg_lambda', 0.4982720598692622), ('subsample', 0.5209278405031323)])
INFO:2023-07-06 19:13:40,854:*********************
INFO:2023-07-06 19:13:40,854:******* cv_results *******
INFO:2023-07-06 19:13:40,854:mean_test_score: 0.8906117353308366 (±0.013100026912015622), mean_fit_time: 0.2959302425384521 (±0.02833315636896973) for OrderedDict([('learning_rate', 0.04552338905978066), ('max_depth', 19), ('min_child_samples', 14), ('n_estimators', 250), ('reg_alpha', 0.27848067861476816), ('reg_lambda', 0.19506338255003772), ('subsample', 0.5774103571801014)])
INFO:2023-07-06 19:13:40,854:*********************
INFO:2023-07-06 19:13:40,854:******* cv_results *******
INFO:2023-07-06 19:13:40,854:mean_test_score: 0.8951061173533084 (±0.013236378732208173), mean_fit_time: 0.4015002727508545 (±0.1275376710668001) for OrderedDict([('learning_rate', 0.06801946493845878), ('max_depth', 9), ('min_child_samples', 10), ('n_estimators', 227), ('reg_alpha', 0.13905051143332064), ('reg_lambda', 0.4898399437853225), ('subsample', 0.5063750568750189)])
INFO:2023-07-06 19:13:40,855:*********************
INFO:2023-07-06 19:13:40,855:******* cv_results *******
INFO:2023-07-06 19:13:40,855:mean_test_score: 0.8861423220973783 (±0.01652530209347267), mean_fit_time: 0.30570387840270996 (±0.12941519172279767) for OrderedDict([('learning_rate', 0.07372374396932645), ('max_depth', 13), ('min_child_samples', 10), ('n_estimators', 186), ('reg_alpha', 0.09508092275070634), ('reg_lambda', 0.0013021051990027431), ('subsample', 0.5026395630636543)])
INFO:2023-07-06 19:13:40,855:*********************
INFO:2023-07-06 19:13:40,855:******* cv_results *******
INFO:2023-07-06 19:13:40,855:mean_test_score: 0.8906117353308366 (±0.019213057260443103), mean_fit_time: 0.35972275733947756 (±0.08553064494835298) for OrderedDict([('learning_rate', 0.05208305556352303), ('max_depth', 8), ('min_child_samples', 11), ('n_estimators', 157), ('reg_alpha', 0.13480020897773873), ('reg_lambda', 0.12617291805494874), ('subsample', 0.5067729256444042)])
INFO:2023-07-06 19:13:40,855:*********************
INFO:2023-07-06 19:13:40,855:******* cv_results *******
INFO:2023-07-06 19:13:40,855:mean_test_score: 0.8906367041198502 (±0.008160249492154142), mean_fit_time: 0.20182204246520996 (±0.011326442614057936) for OrderedDict([('learning_rate', 0.07181983885208994), ('max_depth', 10), ('min_child_samples', 10), ('n_estimators', 189), ('reg_alpha', 0.3096060205525961), ('reg_lambda', 0.016324662458936153), ('subsample', 0.5560872743221035)])
INFO:2023-07-06 19:13:40,855:*********************
INFO:2023-07-06 19:13:40,855:******* cv_results *******
INFO:2023-07-06 19:13:40,855:mean_test_score: 0.8928089887640448 (±0.011814116494485723), mean_fit_time: 0.21021203994750975 (±0.016413614055442276) for OrderedDict([('learning_rate', 0.07024300046694688), ('max_depth', 20), ('min_child_samples', 20), ('n_estimators', 179), ('reg_alpha', 0.41472557600723853), ('reg_lambda', 0.26306028491127365), ('subsample', 0.5)])
INFO:2023-07-06 19:13:40,855:*********************
INFO:2023-07-06 19:13:40,856:Best Params for LGBMClassifier()
INFO:2023-07-06 19:13:40,856:OrderedDict([('learning_rate', 0.02803511071356339), ('max_depth', 15), ('min_child_samples', 11), ('n_estimators', 207), ('reg_alpha', 0.07964402279755826), ('reg_lambda', 0.43655855533859994), ('subsample', 0.5678064186982473)])
INFO:2023-07-06 19:13:40,856:Best Accuracy: 0.9017977528089887
INFO:2023-07-06 19:13:40,856:--------------
INFO:2023-07-06 19:13:40,856:*****model_name: LGBMClassifier best_score 0.9017977528089887 best_params OrderedDict([('learning_rate', 0.02803511071356339), ('max_depth', 15), ('min_child_samples', 11), ('n_estimators', 207), ('reg_alpha', 0.07964402279755826), ('reg_lambda', 0.43655855533859994), ('subsample', 0.5678064186982473)]), validation score
INFO:2023-07-06 19:13:41,088:--------------------------------------------------------------------
INFO:2023-07-06 19:13:41,089:Model used LGBMClassifier(learning_rate=0.02803511071356339, max_depth=15,
               min_child_samples=11, n_estimators=207,
               reg_alpha=0.07964402279755826, reg_lambda=0.43655855533859994,
               subsample=0.5678064186982473)
INFO:2023-07-06 19:13:41,089:Train results: 1.0
INFO:2023-07-06 19:13:41,090:[[168   0   0   0   0]
 [  0 112   0   0   0]
 [  0   0  56   0   0]
 [  0   0   0  56   0]
 [  0   0   0   0  56]]
INFO:2023-07-06 19:13:41,093:              precision    recall  f1-score   support

           0       1.00      1.00      1.00       168
           1       1.00      1.00      1.00       112
           2       1.00      1.00      1.00        56
           3       1.00      1.00      1.00        56
           4       1.00      1.00      1.00        56

    accuracy                           1.00       448
   macro avg       1.00      1.00      1.00       448
weighted avg       1.00      1.00      1.00       448

INFO:2023-07-06 19:13:41,094:Test  results 0.9375
INFO:2023-07-06 19:13:41,094:[[41  1  0  0  0]
 [ 0 28  0  0  0]
 [ 0  5  9  0  0]
 [ 0  0  1 13  0]
 [ 0  0  0  0 14]]
INFO:2023-07-06 19:13:41,097:              precision    recall  f1-score   support

           0       1.00      0.98      0.99        42
           1       0.82      1.00      0.90        28
           2       0.90      0.64      0.75        14
           3       1.00      0.93      0.96        14
           4       1.00      1.00      1.00        14

    accuracy                           0.94       112
   macro avg       0.94      0.91      0.92       112
weighted avg       0.94      0.94      0.94       112

INFO:2023-07-06 19:13:41,097:Accuracy:0.9375
INFO:2023-07-06 19:13:41,099:F1 score micro:0.9375
INFO:2023-07-06 19:13:41,099:F1 score macro:0.9208281153286982
INFO:2023-07-06 19:13:41,099:--------------------------------------------------------------------
INFO:2023-07-06 19:13:41,100:*******------------model:ExtraTreesClassifier
INFO:2023-07-06 19:13:41,100:estimator: ExtraTreesClassifier() number of grid points: 45, iter_number:1500
INFO:2023-07-06 19:13:47,328:validation score: 0.8928571428571429
INFO:2023-07-06 19:13:47,329:Best Accuracy: 0.9107116104868913
INFO:2023-07-06 19:13:47,329:******* cv_results *******
INFO:2023-07-06 19:13:47,329:mean_test_score: 0.9062421972534332 (±0.025018925942574984), mean_fit_time: 0.3049428462982178 (±0.0628998394215704) for OrderedDict([('max_depth', 24), ('min_samples_split', 14), ('n_estimators', 235)])
INFO:2023-07-06 19:13:47,329:*********************
INFO:2023-07-06 19:13:47,330:******* cv_results *******
INFO:2023-07-06 19:13:47,330:mean_test_score: 0.9017977528089889 (±0.021544115264059062), mean_fit_time: 0.2537994384765625 (±0.06419478103674454) for OrderedDict([('max_depth', 25), ('min_samples_split', 15), ('n_estimators', 180)])
INFO:2023-07-06 19:13:47,330:*********************
INFO:2023-07-06 19:13:47,330:******* cv_results *******
INFO:2023-07-06 19:13:47,330:mean_test_score: 0.9062671660424468 (±0.024967465632844583), mean_fit_time: 0.3080411434173584 (±0.060773648984753285) for OrderedDict([('max_depth', 15), ('min_samples_split', 16), ('n_estimators', 212)])
INFO:2023-07-06 19:13:47,330:*********************
INFO:2023-07-06 19:13:47,330:******* cv_results *******
INFO:2023-07-06 19:13:47,330:mean_test_score: 0.9039950062421973 (±0.027013875805802095), mean_fit_time: 0.2505326271057129 (±0.009027613423614755) for OrderedDict([('max_depth', 18), ('min_samples_split', 13), ('n_estimators', 191)])
INFO:2023-07-06 19:13:47,330:*********************
INFO:2023-07-06 19:13:47,330:******* cv_results *******
INFO:2023-07-06 19:13:47,330:mean_test_score: 0.9062421972534332 (±0.025018925942574984), mean_fit_time: 0.2051020622253418 (±0.014575108621242531) for OrderedDict([('max_depth', 11), ('min_samples_split', 10), ('n_estimators', 162)])
INFO:2023-07-06 19:13:47,330:*********************
INFO:2023-07-06 19:13:47,330:******* cv_results *******
INFO:2023-07-06 19:13:47,330:mean_test_score: 0.9084893882646691 (±0.026721504211889523), mean_fit_time: 0.24506878852844238 (±0.06629532578249783) for OrderedDict([('max_depth', 29), ('min_samples_split', 19), ('n_estimators', 187)])
INFO:2023-07-06 19:13:47,330:*********************
INFO:2023-07-06 19:13:47,330:******* cv_results *******
INFO:2023-07-06 19:13:47,330:mean_test_score: 0.9062421972534332 (±0.025018925942574984), mean_fit_time: 0.19476137161254883 (±0.04800638517331713) for OrderedDict([('max_depth', 15), ('min_samples_split', 16), ('n_estimators', 167)])
INFO:2023-07-06 19:13:47,330:*********************
INFO:2023-07-06 19:13:47,330:******* cv_results *******
INFO:2023-07-06 19:13:47,330:mean_test_score: 0.9017977528089889 (±0.021544115264059062), mean_fit_time: 0.31109256744384767 (±0.07830755037129253) for OrderedDict([('max_depth', 15), ('min_samples_split', 16), ('n_estimators', 195)])
INFO:2023-07-06 19:13:47,330:*********************
INFO:2023-07-06 19:13:47,330:******* cv_results *******
INFO:2023-07-06 19:13:47,330:mean_test_score: 0.904019975031211 (±0.027868837546341466), mean_fit_time: 0.256154727935791 (±0.028038282823187266) for OrderedDict([('max_depth', 16), ('min_samples_split', 15), ('n_estimators', 224)])
INFO:2023-07-06 19:13:47,330:*********************
INFO:2023-07-06 19:13:47,331:******* cv_results *******
INFO:2023-07-06 19:13:47,331:mean_test_score: 0.9039950062421973 (±0.027013875805802095), mean_fit_time: 0.23984360694885254 (±0.011708431158356796) for OrderedDict([('max_depth', 15), ('min_samples_split', 13), ('n_estimators', 198)])
INFO:2023-07-06 19:13:47,331:*********************
INFO:2023-07-06 19:13:47,331:******* cv_results *******
INFO:2023-07-06 19:13:47,331:mean_test_score: 0.9084644194756555 (±0.026771665524102574), mean_fit_time: 0.24949607849121094 (±0.05774841751132156) for OrderedDict([('max_depth', 30), ('min_samples_split', 12), ('n_estimators', 191)])
INFO:2023-07-06 19:13:47,331:*********************
INFO:2023-07-06 19:13:47,331:******* cv_results *******
INFO:2023-07-06 19:13:47,331:mean_test_score: 0.9084893882646691 (±0.026721504211889523), mean_fit_time: 0.23337264060974122 (±0.05096500490080514) for OrderedDict([('max_depth', 26), ('min_samples_split', 15), ('n_estimators', 192)])
INFO:2023-07-06 19:13:47,331:*********************
INFO:2023-07-06 19:13:47,331:******* cv_results *******
INFO:2023-07-06 19:13:47,331:mean_test_score: 0.9039950062421973 (±0.027013875805802095), mean_fit_time: 0.3156270503997803 (±0.0860953622808806) for OrderedDict([('max_depth', 30), ('min_samples_split', 11), ('n_estimators', 199)])
INFO:2023-07-06 19:13:47,331:*********************
INFO:2023-07-06 19:13:47,331:******* cv_results *******
INFO:2023-07-06 19:13:47,331:mean_test_score: 0.9084644194756555 (±0.021675066197995984), mean_fit_time: 0.259608793258667 (±0.042745248262722295) for OrderedDict([('max_depth', 27), ('min_samples_split', 14), ('n_estimators', 207)])
INFO:2023-07-06 19:13:47,331:*********************
INFO:2023-07-06 19:13:47,331:******* cv_results *******
INFO:2023-07-06 19:13:47,331:mean_test_score: 0.9084893882646691 (±0.022726810668206344), mean_fit_time: 0.23950433731079102 (±0.012560689633899851) for OrderedDict([('max_depth', 26), ('min_samples_split', 19), ('n_estimators', 200)])
INFO:2023-07-06 19:13:47,331:*********************
INFO:2023-07-06 19:13:47,331:******* cv_results *******
INFO:2023-07-06 19:13:47,332:mean_test_score: 0.9062671660424468 (±0.025937560721406662), mean_fit_time: 0.31401376724243163 (±0.09120811016849607) for OrderedDict([('max_depth', 25), ('min_samples_split', 19), ('n_estimators', 205)])
INFO:2023-07-06 19:13:47,332:*********************
INFO:2023-07-06 19:13:47,332:******* cv_results *******
INFO:2023-07-06 19:13:47,332:mean_test_score: 0.9107116104868913 (±0.0234075438931126), mean_fit_time: 0.35324387550354003 (±0.10541359547069178) for OrderedDict([('max_depth', 25), ('min_samples_split', 13), ('n_estimators', 215)])
INFO:2023-07-06 19:13:47,332:*********************
INFO:2023-07-06 19:13:47,332:******* cv_results *******
INFO:2023-07-06 19:13:47,332:mean_test_score: 0.9084893882646691 (±0.026721504211889523), mean_fit_time: 0.3030144214630127 (±0.029548469707638466) for OrderedDict([('max_depth', 28), ('min_samples_split', 18), ('n_estimators', 213)])
INFO:2023-07-06 19:13:47,332:*********************
INFO:2023-07-06 19:13:47,332:******* cv_results *******
INFO:2023-07-06 19:13:47,332:mean_test_score: 0.9017727840199751 (±0.02488192130084732), mean_fit_time: 0.24403610229492187 (±0.015951479104939964) for OrderedDict([('max_depth', 29), ('min_samples_split', 10), ('n_estimators', 223)])
INFO:2023-07-06 19:13:47,332:*********************
INFO:2023-07-06 19:13:47,332:******* cv_results *******
INFO:2023-07-06 19:13:47,332:mean_test_score: 0.895056179775281 (±0.015303362435067776), mean_fit_time: 0.24069652557373047 (±0.008313020449425059) for OrderedDict([('max_depth', 5), ('min_samples_split', 20), ('n_estimators', 250)])
INFO:2023-07-06 19:13:47,332:*********************
INFO:2023-07-06 19:13:47,332:Best Params for ExtraTreesClassifier()
INFO:2023-07-06 19:13:47,333:OrderedDict([('max_depth', 25), ('min_samples_split', 13), ('n_estimators', 215)])
INFO:2023-07-06 19:13:47,333:Best Accuracy: 0.9107116104868913
INFO:2023-07-06 19:13:47,333:--------------
INFO:2023-07-06 19:13:47,333:*****model_name: ExtraTreesClassifier best_score 0.9107116104868913 best_params OrderedDict([('max_depth', 25), ('min_samples_split', 13), ('n_estimators', 215)]), validation score
INFO:2023-07-06 19:13:47,527:--------------------------------------------------------------------
INFO:2023-07-06 19:13:47,528:Model used ExtraTreesClassifier(max_depth=25, min_samples_split=13, n_estimators=215)
INFO:2023-07-06 19:13:47,529:Train results: 0.9575892857142857
INFO:2023-07-06 19:13:47,529:[[168   0   0   0   0]
 [  0 108   4   0   0]
 [  0  15  41   0   0]
 [  0   0   0  56   0]
 [  0   0   0   0  56]]
INFO:2023-07-06 19:13:47,531:              precision    recall  f1-score   support

           0       1.00      1.00      1.00       168
           1       0.88      0.96      0.92       112
           2       0.91      0.73      0.81        56
           3       1.00      1.00      1.00        56
           4       1.00      1.00      1.00        56

    accuracy                           0.96       448
   macro avg       0.96      0.94      0.95       448
weighted avg       0.96      0.96      0.96       448

INFO:2023-07-06 19:13:47,531:Test  results 0.9196428571428571
INFO:2023-07-06 19:13:47,532:[[41  0  0  0  1]
 [ 0 25  3  0  0]
 [ 0  4 10  0  0]
 [ 0  0  0 13  1]
 [ 0  0  0  0 14]]
INFO:2023-07-06 19:13:47,534:              precision    recall  f1-score   support

           0       1.00      0.98      0.99        42
           1       0.86      0.89      0.88        28
           2       0.77      0.71      0.74        14
           3       1.00      0.93      0.96        14
           4       0.88      1.00      0.93        14

    accuracy                           0.92       112
   macro avg       0.90      0.90      0.90       112
weighted avg       0.92      0.92      0.92       112

INFO:2023-07-06 19:13:47,534:Accuracy:0.9196428571428571
INFO:2023-07-06 19:13:47,534:F1 score micro:0.9196428571428571
INFO:2023-07-06 19:13:47,535:F1 score macro:0.9004363653444187
INFO:2023-07-06 19:13:47,535:--------------------------------------------------------------------
INFO:2023-07-06 19:13:47,535:*******------------model:XGBClassifier
INFO:2023-07-06 19:13:47,536:estimator: XGBClassifier(base_score=None, booster=None, callbacks=None,
              colsample_bylevel=None, colsample_bynode=None,
              colsample_bytree=None, early_stopping_rounds=None,
              enable_categorical=False, eval_metric=None, gamma=None,
              gpu_id=None, grow_policy=None, importance_type=None,
              interaction_constraints=None, learning_rate=None, max_bin=None,
              max_cat_to_onehot=None, max_delta_step=None, max_depth=None,
              max_leaves=None, min_child_weight=None, missing=nan,
              monotone_constraints=None, n_estimators=100, n_jobs=None,
              num_parallel_tree=None, predictor=None, random_state=None,
              reg_alpha=None, reg_lambda=None, ...) number of grid points: 6912, iter_number:1500
INFO:2023-07-06 19:14:00,846:validation score: 0.9017857142857143
INFO:2023-07-06 19:14:00,847:Best Accuracy: 0.9017727840199751
INFO:2023-07-06 19:14:00,847:******* cv_results *******
INFO:2023-07-06 19:14:00,847:mean_test_score: 0.895056179775281 (±0.01168517984802509), mean_fit_time: 0.9681341648101807 (±0.2379448184904316) for OrderedDict([('eval_metric', 'mlogloss'), ('gamma', 0), ('learning_rate', 0.05416419160894467), ('max_depth', 11), ('n_estimators', 208), ('reg_alpha', 0.45509883860715344), ('reg_lambda', 0.19270475324173555), ('subsample', 0.5993715599368219)])
INFO:2023-07-06 19:14:00,847:*********************
INFO:2023-07-06 19:14:00,848:******* cv_results *******
INFO:2023-07-06 19:14:00,848:mean_test_score: 0.899525593008739 (±0.012411120800317614), mean_fit_time: 0.9828754901885987 (±0.25069111079421486) for OrderedDict([('eval_metric', 'mlogloss'), ('gamma', 1), ('learning_rate', 0.06679690509028205), ('max_depth', 18), ('n_estimators', 191), ('reg_alpha', 0.060470472828492244), ('reg_lambda', 0.34696388890877367), ('subsample', 0.6834382045478556)])
INFO:2023-07-06 19:14:00,848:*********************
INFO:2023-07-06 19:14:00,848:******* cv_results *******
INFO:2023-07-06 19:14:00,848:mean_test_score: 0.8950811485642944 (±0.00898238086575656), mean_fit_time: 1.0642171859741212 (±0.33013168148644595) for OrderedDict([('eval_metric', 'mlogloss'), ('gamma', 1), ('learning_rate', 0.03286863685684028), ('max_depth', 18), ('n_estimators', 161), ('reg_alpha', 0.3314569265477589), ('reg_lambda', 0.4198770250225016), ('subsample', 0.629744274349052)])
INFO:2023-07-06 19:14:00,848:*********************
INFO:2023-07-06 19:14:00,848:******* cv_results *******
INFO:2023-07-06 19:14:00,848:mean_test_score: 0.895056179775281 (±0.009276031137878716), mean_fit_time: 0.9332831859588623 (±0.08706677564667702) for OrderedDict([('eval_metric', 'mlogloss'), ('gamma', 1), ('learning_rate', 0.05126046452110895), ('max_depth', 17), ('n_estimators', 221), ('reg_alpha', 0.09795906789671056), ('reg_lambda', 0.008962555229401845), ('subsample', 0.5994726910428633)])
INFO:2023-07-06 19:14:00,848:*********************
INFO:2023-07-06 19:14:00,848:******* cv_results *******
INFO:2023-07-06 19:14:00,848:mean_test_score: 0.8883645443196005 (±0.012525873664937027), mean_fit_time: 0.8359592437744141 (±0.12774295927179635) for OrderedDict([('eval_metric', 'mlogloss'), ('gamma', 0), ('learning_rate', 0.035031727226496785), ('max_depth', 10), ('n_estimators', 249), ('reg_alpha', 0.224444007189068), ('reg_lambda', 0.04319480565169963), ('subsample', 0.6376740025610872)])
INFO:2023-07-06 19:14:00,848:*********************
INFO:2023-07-06 19:14:00,848:******* cv_results *******
INFO:2023-07-06 19:14:00,848:mean_test_score: 0.8928339575530588 (±0.009216358506426348), mean_fit_time: 0.9139302730560303 (±0.2787197155542864) for OrderedDict([('eval_metric', 'mlogloss'), ('gamma', 0), ('learning_rate', 0.038933997151306673), ('max_depth', 16), ('n_estimators', 234), ('reg_alpha', 0.4724256552750705), ('reg_lambda', 0.18599894320195987), ('subsample', 0.5827988322634704)])
INFO:2023-07-06 19:14:00,848:*********************
INFO:2023-07-06 19:14:00,848:******* cv_results *******
INFO:2023-07-06 19:14:00,848:mean_test_score: 0.8972784019975032 (±0.008853680498716383), mean_fit_time: 0.6617067813873291 (±0.15365168255984582) for OrderedDict([('eval_metric', 'mlogloss'), ('gamma', 0), ('learning_rate', 0.0826755791972689), ('max_depth', 19), ('n_estimators', 203), ('reg_alpha', 0.05608747042285793), ('reg_lambda', 0.18381734246634737), ('subsample', 0.5570483480750389)])
INFO:2023-07-06 19:14:00,848:*********************
INFO:2023-07-06 19:14:00,849:******* cv_results *******
INFO:2023-07-06 19:14:00,849:mean_test_score: 0.8906117353308364 (±0.00853494422927115), mean_fit_time: 1.3395891666412354 (±0.2634043713393496) for OrderedDict([('eval_metric', 'mlogloss'), ('gamma', 0), ('learning_rate', 0.032221851916973306), ('max_depth', 15), ('n_estimators', 247), ('reg_alpha', 0.3037462096781214), ('reg_lambda', 0.295751795751), ('subsample', 0.6155963249342327)])
INFO:2023-07-06 19:14:00,849:*********************
INFO:2023-07-06 19:14:00,849:******* cv_results *******
INFO:2023-07-06 19:14:00,849:mean_test_score: 0.8995255930087392 (±0.012411120800317615), mean_fit_time: 0.6927097797393799 (±0.10916588938019091) for OrderedDict([('eval_metric', 'mlogloss'), ('gamma', 1), ('learning_rate', 0.08368468432567384), ('max_depth', 10), ('n_estimators', 188), ('reg_alpha', 0.39162239361109863), ('reg_lambda', 0.4544550188357999), ('subsample', 0.5133402693595878)])
INFO:2023-07-06 19:14:00,849:*********************
INFO:2023-07-06 19:14:00,849:******* cv_results *******
INFO:2023-07-06 19:14:00,849:mean_test_score: 0.892808988764045 (±0.011814116494485723), mean_fit_time: 0.5430385112762451 (±0.021174329931429044) for OrderedDict([('eval_metric', 'mlogloss'), ('gamma', 0), ('learning_rate', 0.0861572313631656), ('max_depth', 16), ('n_estimators', 183), ('reg_alpha', 0.3492123063011668), ('reg_lambda', 0.26599118271159133), ('subsample', 0.6331995057359838)])
INFO:2023-07-06 19:14:00,849:*********************
INFO:2023-07-06 19:14:00,849:******* cv_results *******
INFO:2023-07-06 19:14:00,849:mean_test_score: 0.8995505617977528 (±0.01406534237919537), mean_fit_time: 0.9041264533996582 (±0.29761900937504565) for OrderedDict([('eval_metric', 'mlogloss'), ('gamma', 1), ('learning_rate', 0.0023808428818773405), ('max_depth', 17), ('n_estimators', 178), ('reg_alpha', 0.392113437503027), ('reg_lambda', 0.004908101305754842), ('subsample', 0.6816850323894543)])
INFO:2023-07-06 19:14:00,849:*********************
INFO:2023-07-06 19:14:00,849:******* cv_results *******
INFO:2023-07-06 19:14:00,849:mean_test_score: 0.8995255930087392 (±0.007434412379018957), mean_fit_time: 1.3640632152557373 (±0.3995742231573084) for OrderedDict([('eval_metric', 'mlogloss'), ('gamma', 1), ('learning_rate', 0.008797222907623841), ('max_depth', 8), ('n_estimators', 250), ('reg_alpha', 0.3286337427835034), ('reg_lambda', 0.44195437861070525), ('subsample', 0.6196672568945677)])
INFO:2023-07-06 19:14:00,849:*********************
INFO:2023-07-06 19:14:00,849:******* cv_results *******
INFO:2023-07-06 19:14:00,849:mean_test_score: 0.9017727840199751 (±0.013088838301998909), mean_fit_time: 0.9504248142242432 (±0.29616768519279935) for OrderedDict([('eval_metric', 'mlogloss'), ('gamma', 0), ('learning_rate', 0.0060423288685348), ('max_depth', 19), ('n_estimators', 150), ('reg_alpha', 0.10131282720301876), ('reg_lambda', 0.29092323113779645), ('subsample', 0.5090145227021)])
INFO:2023-07-06 19:14:00,849:*********************
INFO:2023-07-06 19:14:00,849:******* cv_results *******
INFO:2023-07-06 19:14:00,849:mean_test_score: 0.8995505617977528 (±0.015758570070085236), mean_fit_time: 0.9916759014129639 (±0.043157414365466294) for OrderedDict([('eval_metric', 'mlogloss'), ('gamma', 1), ('learning_rate', 0.0943466456679391), ('max_depth', 8), ('n_estimators', 250), ('reg_alpha', 0.3947639909039168), ('reg_lambda', 0.008060548542625955), ('subsample', 0.6945740110424471)])
INFO:2023-07-06 19:14:00,850:*********************
INFO:2023-07-06 19:14:00,850:******* cv_results *******
INFO:2023-07-06 19:14:00,850:mean_test_score: 0.895056179775281 (±0.01168517984802509), mean_fit_time: 0.8927017688751221 (±0.037286484145226464) for OrderedDict([('eval_metric', 'mlogloss'), ('gamma', 1), ('learning_rate', 0.09607462611070045), ('max_depth', 20), ('n_estimators', 250), ('reg_alpha', 0.21125062024259983), ('reg_lambda', 0.4943967382907189), ('subsample', 0.5)])
INFO:2023-07-06 19:14:00,850:*********************
INFO:2023-07-06 19:14:00,850:******* cv_results *******
INFO:2023-07-06 19:14:00,850:mean_test_score: 0.892808988764045 (±0.013827074213856282), mean_fit_time: 0.5610974788665771 (±0.19155838661521613) for OrderedDict([('eval_metric', 'mlogloss'), ('gamma', 0), ('learning_rate', 0.08634636919416608), ('max_depth', 8), ('n_estimators', 150), ('reg_alpha', 0.05406195797193875), ('reg_lambda', 0.2303371254792571), ('subsample', 0.5)])
INFO:2023-07-06 19:14:00,850:*********************
INFO:2023-07-06 19:14:00,850:******* cv_results *******
INFO:2023-07-06 19:14:00,850:mean_test_score: 0.8905867665418228 (±0.008830836255874759), mean_fit_time: 1.1234526634216309 (±0.2737907093402147) for OrderedDict([('eval_metric', 'mlogloss'), ('gamma', 0), ('learning_rate', 0.028268335436905868), ('max_depth', 18), ('n_estimators', 250), ('reg_alpha', 0.33792488245474855), ('reg_lambda', 0.008881382189825138), ('subsample', 0.5)])
INFO:2023-07-06 19:14:00,850:*********************
INFO:2023-07-06 19:14:00,850:******* cv_results *******
INFO:2023-07-06 19:14:00,850:mean_test_score: 0.8973033707865168 (±0.008539033805082884), mean_fit_time: 0.6111627101898194 (±0.1692288123588658) for OrderedDict([('eval_metric', 'mlogloss'), ('gamma', 0), ('learning_rate', 0.09449387416860351), ('max_depth', 15), ('n_estimators', 152), ('reg_alpha', 0.29813793208784484), ('reg_lambda', 0.49726282916047043), ('subsample', 0.6998342727121447)])
INFO:2023-07-06 19:14:00,850:*********************
INFO:2023-07-06 19:14:00,850:******* cv_results *******
INFO:2023-07-06 19:14:00,850:mean_test_score: 0.8928339575530588 (±0.013553844333536588), mean_fit_time: 0.6435235500335693 (±0.024559526684915095) for OrderedDict([('eval_metric', 'mlogloss'), ('gamma', 0), ('learning_rate', 0.09394537301572112), ('max_depth', 17), ('n_estimators', 250), ('reg_alpha', 0.05644361319081799), ('reg_lambda', 0.17551068892743082), ('subsample', 0.7)])
INFO:2023-07-06 19:14:00,850:*********************
INFO:2023-07-06 19:14:00,851:******* cv_results *******
INFO:2023-07-06 19:14:00,851:mean_test_score: 0.895056179775281 (±0.013594491008112873), mean_fit_time: 0.8515750885009765 (±0.06423967130449255) for OrderedDict([('eval_metric', 'mlogloss'), ('gamma', 0), ('learning_rate', 0.011827043624544856), ('max_depth', 19), ('n_estimators', 207), ('reg_alpha', 0.04301486831887735), ('reg_lambda', 0.05805355638739167), ('subsample', 0.6841302295354366)])
INFO:2023-07-06 19:14:00,851:*********************
INFO:2023-07-06 19:14:00,852:Best Params for XGBClassifier(base_score=None, booster=None, callbacks=None,
              colsample_bylevel=None, colsample_bynode=None,
              colsample_bytree=None, early_stopping_rounds=None,
              enable_categorical=False, eval_metric=None, gamma=None,
              gpu_id=None, grow_policy=None, importance_type=None,
              interaction_constraints=None, learning_rate=None, max_bin=None,
              max_cat_to_onehot=None, max_delta_step=None, max_depth=None,
              max_leaves=None, min_child_weight=None, missing=nan,
              monotone_constraints=None, n_estimators=100, n_jobs=None,
              num_parallel_tree=None, predictor=None, random_state=None,
              reg_alpha=None, reg_lambda=None, ...)
INFO:2023-07-06 19:14:00,852:OrderedDict([('eval_metric', 'mlogloss'), ('gamma', 0), ('learning_rate', 0.0060423288685348), ('max_depth', 19), ('n_estimators', 150), ('reg_alpha', 0.10131282720301876), ('reg_lambda', 0.29092323113779645), ('subsample', 0.5090145227021)])
INFO:2023-07-06 19:14:00,852:Best Accuracy: 0.9017727840199751
INFO:2023-07-06 19:14:00,852:--------------
INFO:2023-07-06 19:14:00,852:*****model_name: XGBClassifier best_score 0.9017727840199751 best_params OrderedDict([('eval_metric', 'mlogloss'), ('gamma', 0), ('learning_rate', 0.0060423288685348), ('max_depth', 19), ('n_estimators', 150), ('reg_alpha', 0.10131282720301876), ('reg_lambda', 0.29092323113779645), ('subsample', 0.5090145227021)]), validation score
INFO:2023-07-06 19:14:01,078:--------------------------------------------------------------------
INFO:2023-07-06 19:14:01,080:Model used XGBClassifier(base_score=0.5, booster='gbtree', callbacks=None,
              colsample_bylevel=1, colsample_bynode=1, colsample_bytree=1,
              early_stopping_rounds=None, enable_categorical=False,
              eval_metric='mlogloss', gamma=0, gpu_id=-1,
              grow_policy='depthwise', importance_type=None,
              interaction_constraints='', learning_rate=0.0060423288685348,
              max_bin=256, max_cat_to_onehot=4, max_delta_step=0, max_depth=19,
              max_leaves=0, min_child_weight=1, missing=nan,
              monotone_constraints='()', n_estimators=150, n_jobs=0,
              num_parallel_tree=1, objective='multi:softprob', predictor='auto',
              random_state=0, reg_alpha=0.10131282720301876, ...)
INFO:2023-07-06 19:14:01,081:Train results: 0.9642857142857143
INFO:2023-07-06 19:14:01,082:[[168   0   0   0   0]
 [  0 110   2   0   0]
 [  0  14  42   0   0]
 [  0   0   0  56   0]
 [  0   0   0   0  56]]
INFO:2023-07-06 19:14:01,085:              precision    recall  f1-score   support

           0       1.00      1.00      1.00       168
           1       0.89      0.98      0.93       112
           2       0.95      0.75      0.84        56
           3       1.00      1.00      1.00        56
           4       1.00      1.00      1.00        56

    accuracy                           0.96       448
   macro avg       0.97      0.95      0.95       448
weighted avg       0.97      0.96      0.96       448

INFO:2023-07-06 19:14:01,086:Test  results 0.9017857142857143
INFO:2023-07-06 19:14:01,086:[[41  0  1  0  0]
 [ 0 23  5  0  0]
 [ 0  4 10  0  0]
 [ 0  0  0 13  1]
 [ 0  0  0  0 14]]
INFO:2023-07-06 19:14:01,090:              precision    recall  f1-score   support

           0       1.00      0.98      0.99        42
           1       0.85      0.82      0.84        28
           2       0.62      0.71      0.67        14
           3       1.00      0.93      0.96        14
           4       0.93      1.00      0.97        14

    accuracy                           0.90       112
   macro avg       0.88      0.89      0.88       112
weighted avg       0.91      0.90      0.90       112

INFO:2023-07-06 19:14:01,090:Accuracy:0.9017857142857143
INFO:2023-07-06 19:14:01,091:F1 score micro:0.9017857142857143
INFO:2023-07-06 19:14:01,091:F1 score macro:0.8838924629202983
INFO:2023-07-06 19:14:01,091:--------------------------------------------------------------------
INFO:2023-07-06 19:14:01,092:*******------------model:MLPClassifier
INFO:2023-07-06 19:14:01,092:estimator: MLPClassifier() number of grid points: 27, iter_number:1500
INFO:2023-07-06 19:14:09,575:validation score: 0.8571428571428571
INFO:2023-07-06 19:14:09,576:Best Accuracy: 0.854956304619226
INFO:2023-07-06 19:14:09,576:******* cv_results *******
INFO:2023-07-06 19:14:09,576:mean_test_score: 0.7968539325842696 (±0.03443243986741294), mean_fit_time: 0.33341164588928224 (±0.04766535594755366) for OrderedDict([('activation', 'relu'), ('alpha', 0.05172942227520453), ('hidden_layer_sizes', 36), ('max_iter', 108), ('solver', 'adam')])
INFO:2023-07-06 19:14:09,576:*********************
INFO:2023-07-06 19:14:09,576:******* cv_results *******
INFO:2023-07-06 19:14:09,576:mean_test_score: 0.8147066167290886 (±0.025116715366878182), mean_fit_time: 0.3898277282714844 (±0.07328703112239997) for OrderedDict([('activation', 'relu'), ('alpha', 0.030205950576919126), ('hidden_layer_sizes', 37), ('max_iter', 156), ('solver', 'adam')])
INFO:2023-07-06 19:14:09,576:*********************
INFO:2023-07-06 19:14:09,576:******* cv_results *******
INFO:2023-07-06 19:14:09,576:mean_test_score: 0.8437203495630461 (±0.02364353156941459), mean_fit_time: 0.49060630798339844 (±0.06230446427055644) for OrderedDict([('activation', 'relu'), ('alpha', 0.07286971769744459), ('hidden_layer_sizes', 26), ('max_iter', 274), ('solver', 'adam')])
INFO:2023-07-06 19:14:09,576:*********************
INFO:2023-07-06 19:14:09,576:******* cv_results *******
INFO:2023-07-06 19:14:09,576:mean_test_score: 0.7991760299625468 (±0.0248154592996161), mean_fit_time: 0.2674612045288086 (±0.02851628446962388) for OrderedDict([('activation', 'relu'), ('alpha', 0.05302139645301126), ('hidden_layer_sizes', 35), ('max_iter', 105), ('solver', 'adam')])
INFO:2023-07-06 19:14:09,576:*********************
INFO:2023-07-06 19:14:09,576:******* cv_results *******
INFO:2023-07-06 19:14:09,576:mean_test_score: 0.8303870162297129 (±0.04065188775327998), mean_fit_time: 0.37618303298950195 (±0.024916223851053788) for OrderedDict([('activation', 'relu'), ('alpha', 0.004782746131413438), ('hidden_layer_sizes', 34), ('max_iter', 202), ('solver', 'adam')])
INFO:2023-07-06 19:14:09,577:*********************
INFO:2023-07-06 19:14:09,577:******* cv_results *******
INFO:2023-07-06 19:14:09,577:mean_test_score: 0.7924843945068665 (±0.025369616684548693), mean_fit_time: 0.20798988342285157 (±0.05559125608382331) for OrderedDict([('activation', 'relu'), ('alpha', 0.04943342020184034), ('hidden_layer_sizes', 21), ('max_iter', 125), ('solver', 'adam')])
INFO:2023-07-06 19:14:09,577:*********************
INFO:2023-07-06 19:14:09,577:******* cv_results *******
INFO:2023-07-06 19:14:09,577:mean_test_score: 0.8326342072409488 (±0.03280366773824738), mean_fit_time: 0.29980292320251467 (±0.0797715320871494) for OrderedDict([('activation', 'relu'), ('alpha', 0.05248956947963968), ('hidden_layer_sizes', 32), ('max_iter', 149), ('solver', 'adam')])
INFO:2023-07-06 19:14:09,577:*********************
INFO:2023-07-06 19:14:09,577:******* cv_results *******
INFO:2023-07-06 19:14:09,577:mean_test_score: 0.8326591760299626 (±0.033580988386928766), mean_fit_time: 0.5607892513275147 (±0.08438025168773916) for OrderedDict([('activation', 'relu'), ('alpha', 0.045495231440405494), ('hidden_layer_sizes', 24), ('max_iter', 284), ('solver', 'adam')])
INFO:2023-07-06 19:14:09,577:*********************
INFO:2023-07-06 19:14:09,577:******* cv_results *******
INFO:2023-07-06 19:14:09,577:mean_test_score: 0.7991760299625468 (±0.04414906967971393), mean_fit_time: 0.19276461601257325 (±0.03658570757044675) for OrderedDict([('activation', 'relu'), ('alpha', 0.06600742935375417), ('hidden_layer_sizes', 28), ('max_iter', 110), ('solver', 'adam')])
INFO:2023-07-06 19:14:09,577:*********************
INFO:2023-07-06 19:14:09,577:******* cv_results *******
INFO:2023-07-06 19:14:09,577:mean_test_score: 0.8036704119850187 (±0.02215276215359051), mean_fit_time: 0.24365568161010742 (±0.027992483087142094) for OrderedDict([('activation', 'relu'), ('alpha', 0.0444763566374729), ('hidden_layer_sizes', 39), ('max_iter', 113), ('solver', 'adam')])
INFO:2023-07-06 19:14:09,577:*********************
INFO:2023-07-06 19:14:09,577:******* cv_results *******
INFO:2023-07-06 19:14:09,577:mean_test_score: 0.8460923845193509 (±0.027095151499999498), mean_fit_time: 0.5921273708343506 (±0.1723187516424405) for OrderedDict([('activation', 'relu'), ('alpha', 0.005474564591594086), ('hidden_layer_sizes', 39), ('max_iter', 265), ('solver', 'adam')])
INFO:2023-07-06 19:14:09,577:*********************
INFO:2023-07-06 19:14:09,577:******* cv_results *******
INFO:2023-07-06 19:14:09,577:mean_test_score: 0.8461423220973783 (±0.04261277731806936), mean_fit_time: 0.4057366371154785 (±0.023578661391111738) for OrderedDict([('activation', 'relu'), ('alpha', 0.09643504592762253), ('hidden_layer_sizes', 21), ('max_iter', 254), ('solver', 'adam')])
INFO:2023-07-06 19:14:09,577:*********************
INFO:2023-07-06 19:14:09,577:******* cv_results *******
INFO:2023-07-06 19:14:09,577:mean_test_score: 0.8415730337078651 (±0.018794052439047314), mean_fit_time: 0.6754681587219238 (±0.11651481022717022) for OrderedDict([('activation', 'relu'), ('alpha', 0.018929304436320987), ('hidden_layer_sizes', 40), ('max_iter', 243), ('solver', 'adam')])
INFO:2023-07-06 19:14:09,577:*********************
INFO:2023-07-06 19:14:09,577:******* cv_results *******
INFO:2023-07-06 19:14:09,577:mean_test_score: 0.8259675405742822 (±0.03179645630735241), mean_fit_time: 0.4263004302978516 (±0.02516852677073426) for OrderedDict([('activation', 'relu'), ('alpha', 0.09163135932656297), ('hidden_layer_sizes', 21), ('max_iter', 233), ('solver', 'adam')])
INFO:2023-07-06 19:14:09,577:*********************
INFO:2023-07-06 19:14:09,577:******* cv_results *******
INFO:2023-07-06 19:14:09,577:mean_test_score: 0.8437952559300873 (±0.016807797400519162), mean_fit_time: 0.4240414619445801 (±0.08100992838362348) for OrderedDict([('activation', 'relu'), ('alpha', 0.002776374630912302), ('hidden_layer_sizes', 39), ('max_iter', 247), ('solver', 'adam')])
INFO:2023-07-06 19:14:09,577:*********************
INFO:2023-07-06 19:14:09,577:******* cv_results *******
INFO:2023-07-06 19:14:09,577:mean_test_score: 0.8303870162297129 (±0.02552508876757628), mean_fit_time: 0.3548425674438477 (±0.11329245780743138) for OrderedDict([('activation', 'relu'), ('alpha', 0.09996327879224544), ('hidden_layer_sizes', 29), ('max_iter', 186), ('solver', 'adam')])
INFO:2023-07-06 19:14:09,577:*********************
INFO:2023-07-06 19:14:09,577:******* cv_results *******
INFO:2023-07-06 19:14:09,577:mean_test_score: 0.8459675405742821 (±0.03284030831524362), mean_fit_time: 0.34725584983825686 (±0.10935703638642545) for OrderedDict([('activation', 'relu'), ('alpha', 0.0035521034772505104), ('hidden_layer_sizes', 28), ('max_iter', 179), ('solver', 'adam')])
INFO:2023-07-06 19:14:09,577:*********************
INFO:2023-07-06 19:14:09,577:******* cv_results *******
INFO:2023-07-06 19:14:09,577:mean_test_score: 0.854956304619226 (±0.03424043151361024), mean_fit_time: 0.6785231113433838 (±0.15377116408196453) for OrderedDict([('activation', 'relu'), ('alpha', 0.09055697866649717), ('hidden_layer_sizes', 39), ('max_iter', 300), ('solver', 'adam')])
INFO:2023-07-06 19:14:09,577:*********************
INFO:2023-07-06 19:14:09,577:******* cv_results *******
INFO:2023-07-06 19:14:09,577:mean_test_score: 0.8393008739076155 (±0.026003216633724048), mean_fit_time: 0.5375536918640137 (±0.07098396307524425) for OrderedDict([('activation', 'relu'), ('alpha', 0.019760424655541578), ('hidden_layer_sizes', 20), ('max_iter', 295), ('solver', 'adam')])
INFO:2023-07-06 19:14:09,577:*********************
INFO:2023-07-06 19:14:09,579:******* cv_results *******
INFO:2023-07-06 19:14:09,579:mean_test_score: 0.8482397003745318 (±0.05577843046764918), mean_fit_time: 0.49336767196655273 (±0.05928497313943035) for OrderedDict([('activation', 'relu'), ('alpha', 0.008230725042029489), ('hidden_layer_sizes', 38), ('max_iter', 260), ('solver', 'adam')])
INFO:2023-07-06 19:14:09,579:*********************
INFO:2023-07-06 19:14:09,579:Best Params for MLPClassifier()
INFO:2023-07-06 19:14:09,579:OrderedDict([('activation', 'relu'), ('alpha', 0.09055697866649717), ('hidden_layer_sizes', 39), ('max_iter', 300), ('solver', 'adam')])
INFO:2023-07-06 19:14:09,579:Best Accuracy: 0.854956304619226
INFO:2023-07-06 19:14:09,579:--------------
INFO:2023-07-06 19:14:09,579:*****model_name: MLPClassifier best_score 0.854956304619226 best_params OrderedDict([('activation', 'relu'), ('alpha', 0.09055697866649717), ('hidden_layer_sizes', 39), ('max_iter', 300), ('solver', 'adam')]), validation score
INFO:2023-07-06 19:14:09,982:--------------------------------------------------------------------
INFO:2023-07-06 19:14:09,983:Model used MLPClassifier(alpha=0.09055697866649717, hidden_layer_sizes=39, max_iter=300)
INFO:2023-07-06 19:14:09,983:Train results: 0.9330357142857143
INFO:2023-07-06 19:14:09,984:[[168   0   0   0   0]
 [  0 106   6   0   0]
 [  0  24  32   0   0]
 [  0   0   0  56   0]
 [  0   0   0   0  56]]
INFO:2023-07-06 19:14:09,986:              precision    recall  f1-score   support

           0       1.00      1.00      1.00       168
           1       0.82      0.95      0.88       112
           2       0.84      0.57      0.68        56
           3       1.00      1.00      1.00        56
           4       1.00      1.00      1.00        56

    accuracy                           0.93       448
   macro avg       0.93      0.90      0.91       448
weighted avg       0.93      0.93      0.93       448

INFO:2023-07-06 19:14:09,987:Test  results 0.8660714285714286
INFO:2023-07-06 19:14:09,987:[[42  0  0  0  0]
 [ 0 22  5  1  0]
 [ 0  4  9  1  0]
 [ 0  2  1 10  1]
 [ 0  0  0  0 14]]
INFO:2023-07-06 19:14:09,989:              precision    recall  f1-score   support

           0       1.00      1.00      1.00        42
           1       0.79      0.79      0.79        28
           2       0.60      0.64      0.62        14
           3       0.83      0.71      0.77        14
           4       0.93      1.00      0.97        14

    accuracy                           0.87       112
   macro avg       0.83      0.83      0.83       112
weighted avg       0.87      0.87      0.87       112

INFO:2023-07-06 19:14:09,990:Accuracy:0.8660714285714286
INFO:2023-07-06 19:14:09,990:F1 score micro:0.8660714285714286
INFO:2023-07-06 19:14:09,991:F1 score macro:0.8282303902993557
INFO:2023-07-06 19:14:09,991:--------------------------------------------------------------------
INFO:2023-07-06 19:14:09,991:******* Best Model *******
INFO:2023-07-06 19:14:09,991:Best CV Score : 0.9107116104868913
INFO:2023-07-06 19:14:09,991:Best Valid Score : 0.9375
INFO:2023-07-06 19:14:09,992:Best model :LGBMClassifier(learning_rate=0.02803511071356339, max_depth=15,
               min_child_samples=11, n_estimators=207,
               reg_alpha=0.07964402279755826, reg_lambda=0.43655855533859994,
               subsample=0.5678064186982473) 
